# Logfile created on 2014-01-03 12:16:59 -0600 by logger.rb/36483
I, [2014-01-03T12:16:59.499515 #29843]  INFO -- : 0:  mime-types (2.0) from /Users/wayne/.rvm/gems/ruby-2.0.0-p247@heartbeat/specifications/mime-types-2.0.gemspec
I, [2014-01-03T12:16:59.802232 #29843]  INFO -- : 0:  mailfactory (1.4.0) from /Users/wayne/.rvm/gems/ruby-2.0.0-p247@heartbeat/specifications/mailfactory-1.4.0.gemspec
I, [2014-01-03T12:16:59.802547 #29843]  INFO -- : 0:  bundler (1.5.1) from /Users/wayne/.rvm/gems/ruby-2.0.0-p247@heartbeat/specifications/bundler-1.5.1.gemspec
I, [2014-01-03T12:42:20.905427 #33012]  INFO -- : 0:  i18n (0.6.9) from /Users/wayne/.rvm/gems/ruby-2.0.0-p247@heartbeat/specifications/i18n-0.6.9.gemspec
I, [2014-01-03T12:42:21.262170 #33012]  INFO -- : 0:  minitest (4.7.5) from /Users/wayne/.rvm/gems/ruby-2.0.0-p247@heartbeat/specifications/minitest-4.7.5.gemspec
I, [2014-01-03T12:42:21.565367 #33012]  INFO -- : 0:  multi_json (1.8.2) from /Users/wayne/.rvm/gems/ruby-2.0.0-p247@heartbeat/specifications/multi_json-1.8.2.gemspec
I, [2014-01-03T12:42:23.398895 #33012]  INFO -- : 0:  atomic (1.1.14) from /Users/wayne/.rvm/gems/ruby-2.0.0-p247@heartbeat/specifications/atomic-1.1.14.gemspec
I, [2014-01-03T12:42:23.797293 #33012]  INFO -- : 0:  thread_safe (0.1.3) from /Users/wayne/.rvm/gems/ruby-2.0.0-p247@heartbeat/specifications/thread_safe-0.1.3.gemspec
I, [2014-01-03T12:42:24.630127 #33012]  INFO -- : 0:  tzinfo (0.3.38) from /Users/wayne/.rvm/gems/ruby-2.0.0-p247@heartbeat/specifications/tzinfo-0.3.38.gemspec
I, [2014-01-03T12:42:27.197331 #33012]  INFO -- : 0:  activesupport (4.0.2) from /Users/wayne/.rvm/gems/ruby-2.0.0-p247@heartbeat/specifications/activesupport-4.0.2.gemspec
I, [2014-01-03T12:42:27.498130 #33012]  INFO -- : 0:  builder (3.1.4) from /Users/wayne/.rvm/gems/ruby-2.0.0-p247@heartbeat/specifications/builder-3.1.4.gemspec
I, [2014-01-03T12:42:27.779006 #33012]  INFO -- : 0:  activemodel (4.0.2) from /Users/wayne/.rvm/gems/ruby-2.0.0-p247@heartbeat/specifications/activemodel-4.0.2.gemspec
I, [2014-01-03T12:42:28.075725 #33012]  INFO -- : 0:  activerecord-deprecated_finders (1.0.3) from /Users/wayne/.rvm/gems/ruby-2.0.0-p247@heartbeat/specifications/activerecord-deprecated_finders-1.0.3.gemspec
I, [2014-01-03T12:42:28.901500 #33012]  INFO -- : 0:  arel (4.0.1) from /Users/wayne/.rvm/gems/ruby-2.0.0-p247@heartbeat/specifications/arel-4.0.1.gemspec
I, [2014-01-03T12:42:29.828340 #33012]  INFO -- : 0:  activerecord (4.0.2) from /Users/wayne/.rvm/gems/ruby-2.0.0-p247@heartbeat/specifications/activerecord-4.0.2.gemspec
I, [2014-01-03T12:42:29.828676 #33012]  INFO -- : 0:  mime-types (2.0) from /Users/wayne/.rvm/gems/ruby-2.0.0-p247@heartbeat/specifications/mime-types-2.0.gemspec
I, [2014-01-03T12:42:29.828885 #33012]  INFO -- : 0:  mailfactory (1.4.0) from /Users/wayne/.rvm/gems/ruby-2.0.0-p247@heartbeat/specifications/mailfactory-1.4.0.gemspec
I, [2014-01-03T12:42:29.829079 #33012]  INFO -- : 0:  bundler (1.5.1) from /Users/wayne/.rvm/gems/ruby-2.0.0-p247@heartbeat/specifications/bundler-1.5.1.gemspec
I, [2014-01-03T13:03:56.082490 #34768]  INFO -- : 0:  i18n (0.6.9) from /Users/wayne/.rvm/gems/ruby-2.0.0-p247@heartbeat/specifications/i18n-0.6.9.gemspec
I, [2014-01-03T13:03:56.082797 #34768]  INFO -- : 0:  minitest (4.7.5) from /Users/wayne/.rvm/gems/ruby-2.0.0-p247@heartbeat/specifications/minitest-4.7.5.gemspec
I, [2014-01-03T13:03:56.083031 #34768]  INFO -- : 0:  multi_json (1.8.2) from /Users/wayne/.rvm/gems/ruby-2.0.0-p247@heartbeat/specifications/multi_json-1.8.2.gemspec
I, [2014-01-03T13:03:56.083269 #34768]  INFO -- : 0:  atomic (1.1.14) from /Users/wayne/.rvm/gems/ruby-2.0.0-p247@heartbeat/specifications/atomic-1.1.14.gemspec
I, [2014-01-03T13:03:56.083483 #34768]  INFO -- : 0:  thread_safe (0.1.3) from /Users/wayne/.rvm/gems/ruby-2.0.0-p247@heartbeat/specifications/thread_safe-0.1.3.gemspec
I, [2014-01-03T13:03:56.083684 #34768]  INFO -- : 0:  tzinfo (0.3.38) from /Users/wayne/.rvm/gems/ruby-2.0.0-p247@heartbeat/specifications/tzinfo-0.3.38.gemspec
I, [2014-01-03T13:03:56.090620 #34768]  INFO -- : 0:  activesupport (4.0.2) from /Users/wayne/.rvm/gems/ruby-2.0.0-p247@heartbeat/specifications/activesupport-4.0.2.gemspec
I, [2014-01-03T13:03:56.090943 #34768]  INFO -- : 0:  builder (3.1.4) from /Users/wayne/.rvm/gems/ruby-2.0.0-p247@heartbeat/specifications/builder-3.1.4.gemspec
I, [2014-01-03T13:03:56.091177 #34768]  INFO -- : 0:  activemodel (4.0.2) from /Users/wayne/.rvm/gems/ruby-2.0.0-p247@heartbeat/specifications/activemodel-4.0.2.gemspec
I, [2014-01-03T13:03:56.091417 #34768]  INFO -- : 0:  activerecord-deprecated_finders (1.0.3) from /Users/wayne/.rvm/gems/ruby-2.0.0-p247@heartbeat/specifications/activerecord-deprecated_finders-1.0.3.gemspec
I, [2014-01-03T13:03:56.091631 #34768]  INFO -- : 0:  arel (4.0.1) from /Users/wayne/.rvm/gems/ruby-2.0.0-p247@heartbeat/specifications/arel-4.0.1.gemspec
I, [2014-01-03T13:03:56.091829 #34768]  INFO -- : 0:  activerecord (4.0.2) from /Users/wayne/.rvm/gems/ruby-2.0.0-p247@heartbeat/specifications/activerecord-4.0.2.gemspec
I, [2014-01-03T13:03:56.092040 #34768]  INFO -- : 0:  mime-types (2.0) from /Users/wayne/.rvm/gems/ruby-2.0.0-p247@heartbeat/specifications/mime-types-2.0.gemspec
I, [2014-01-03T13:03:56.092244 #34768]  INFO -- : 0:  mailfactory (1.4.0) from /Users/wayne/.rvm/gems/ruby-2.0.0-p247@heartbeat/specifications/mailfactory-1.4.0.gemspec
I, [2014-01-03T13:04:00.157425 #34768]  INFO -- : 0:  pg (0.17.1) from /Users/wayne/.rvm/gems/ruby-2.0.0-p247@heartbeat/specifications/pg-0.17.1.gemspec
I, [2014-01-03T13:04:00.157936 #34768]  INFO -- : 0:  bundler (1.5.1) from /Users/wayne/.rvm/gems/ruby-2.0.0-p247@heartbeat/specifications/bundler-1.5.1.gemspec
